<?xml version="1.0" encoding="UTF-8"?>
<!-- Generated by org.testng.reporters.JUnitXMLReporter -->
<testsuite hostname="DESKTOP-I53I0DN" ignored="0" name="Default test" tests="6" failures="0" timestamp="2021-11-07T21:39:29 IST" time="49.086" errors="0">
  <testcase name="homePageLanding" time="7.039" classname="com.mindtree.runner.Atlantic_Page"/>
  <testcase name="Landing_Page" time="4.766" classname="com.mindtree.runner.Atlantic_Page"/>
  <testcase name="Login_Page" time="12.337" classname="com.mindtree.runner.Atlantic_Page"/>
  <testcase name="SearchPageTesting" time="5.522" classname="com.mindtree.runner.Atlantic_Page"/>
  <testcase name="ProductPageTesting" time="5.38" classname="com.mindtree.runner.Atlantic_Page"/>
  <testcase name="CartPageTesting" time="13.735" classname="com.mindtree.runner.Atlantic_Page"/>
</testsuite> <!-- Default test -->
