<?xml version="1.0" encoding="UTF-8"?>
<!-- Generated by org.testng.reporters.JUnitXMLReporter -->
<testsuite hostname="DESKTOP-I53I0DN" ignored="0" name="Default test" tests="6" failures="0" timestamp="2021-11-08T22:38:19 IST" time="85.214" errors="0">
  <testcase name="homePageLanding" time="7.272" classname="com.mindtree.runner.Atlantic_Page"/>
  <testcase name="Landing_Page" time="15.377" classname="com.mindtree.runner.Atlantic_Page"/>
  <testcase name="Login_Page" time="39.027" classname="com.mindtree.runner.Atlantic_Page"/>
  <testcase name="SearchPageTesting" time="5.311" classname="com.mindtree.runner.Atlantic_Page"/>
  <testcase name="ProductPageTesting" time="4.676" classname="com.mindtree.runner.Atlantic_Page"/>
  <testcase name="CartPageTesting" time="13.315" classname="com.mindtree.runner.Atlantic_Page"/>
</testsuite> <!-- Default test -->
