<?xml version="1.0" encoding="UTF-8"?>
<!-- Generated by org.testng.reporters.JUnitXMLReporter -->
<testsuite hostname="DESKTOP-I53I0DN" ignored="0" name="Test" tests="6" failures="0" timestamp="2021-11-08T20:25:56 IST" time="53.281" errors="0">
  <testcase name="homePageLanding" time="9.12" classname="com.mindtree.runner.Atlantic_Page"/>
  <testcase name="Landing_Page" time="5.311" classname="com.mindtree.runner.Atlantic_Page"/>
  <testcase name="Login_Page" time="12.665" classname="com.mindtree.runner.Atlantic_Page"/>
  <testcase name="SearchPageTesting" time="3.731" classname="com.mindtree.runner.Atlantic_Page"/>
  <testcase name="ProductPageTesting" time="5.15" classname="com.mindtree.runner.Atlantic_Page"/>
  <testcase name="CartPageTesting" time="11.553" classname="com.mindtree.runner.Atlantic_Page"/>
</testsuite> <!-- Test -->
