<?xml version="1.0" encoding="UTF-8"?>
<!-- Generated by org.testng.reporters.JUnitXMLReporter -->
<testsuite hostname="DESKTOP-I53I0DN" ignored="0" name="Test" tests="6" failures="0" timestamp="2021-11-08T15:33:30 IST" time="99.189" errors="0">
  <testcase name="homePageLanding" time="10.534" classname="com.mindtree.runner.Atlantic_Page"/>
  <testcase name="Landing_Page" time="13.92" classname="com.mindtree.runner.Atlantic_Page"/>
  <testcase name="Login_Page" time="31.679" classname="com.mindtree.runner.Atlantic_Page"/>
  <testcase name="SearchPageTesting" time="13.108" classname="com.mindtree.runner.Atlantic_Page"/>
  <testcase name="ProductPageTesting" time="17.07" classname="com.mindtree.runner.Atlantic_Page"/>
  <testcase name="CartPageTesting" time="12.459" classname="com.mindtree.runner.Atlantic_Page"/>
</testsuite> <!-- Test -->
