<?xml version="1.0" encoding="UTF-8"?>
<testng-results skipped="0" failed="0" ignored="0" total="6" passed="6">
  <reporter-output>
  </reporter-output>
  <suite name="Suite" duration-ms="99189" started-at="2021-11-08T15:31:51 IST" finished-at="2021-11-08T15:33:30 IST">
    <groups>
    </groups>
    <test name="Test" duration-ms="99189" started-at="2021-11-08T15:31:51 IST" finished-at="2021-11-08T15:33:30 IST">
      <class name="com.mindtree.runner.Atlantic_Page">
        <test-method status="PASS" signature="homePageLanding()[pri:1, instance:com.mindtree.runner.Atlantic_Page@7791a895]" name="homePageLanding" duration-ms="10534" started-at="2021-11-08T15:31:51 IST" finished-at="2021-11-08T15:32:02 IST">
          <reporter-output>
          </reporter-output>
        </test-method> <!-- homePageLanding -->
        <test-method status="PASS" signature="Landing_Page()[pri:2, instance:com.mindtree.runner.Atlantic_Page@7791a895]" name="Landing_Page" duration-ms="13920" started-at="2021-11-08T15:32:02 IST" finished-at="2021-11-08T15:32:16 IST">
          <reporter-output>
          </reporter-output>
        </test-method> <!-- Landing_Page -->
        <test-method status="PASS" signature="Login_Page(java.lang.String, java.lang.String)[pri:3, instance:com.mindtree.runner.Atlantic_Page@7791a895]" name="Login_Page" duration-ms="31679" started-at="2021-11-08T15:32:16 IST" data-provider="getData" finished-at="2021-11-08T15:32:47 IST">
          <params>
            <param index="0">
              <value>
                <![CDATA[madhavibisen123@gmail.com]]>
              </value>
            </param>
            <param index="1">
              <value>
                <![CDATA[Madhavi@400]]>
              </value>
            </param>
          </params>
          <reporter-output>
          </reporter-output>
        </test-method> <!-- Login_Page -->
        <test-method status="PASS" signature="SearchPageTesting()[pri:4, instance:com.mindtree.runner.Atlantic_Page@7791a895]" name="SearchPageTesting" duration-ms="13108" started-at="2021-11-08T15:32:47 IST" finished-at="2021-11-08T15:33:01 IST">
          <reporter-output>
          </reporter-output>
        </test-method> <!-- SearchPageTesting -->
        <test-method status="PASS" signature="ProductPageTesting()[pri:5, instance:com.mindtree.runner.Atlantic_Page@7791a895]" name="ProductPageTesting" duration-ms="17070" started-at="2021-11-08T15:33:01 IST" finished-at="2021-11-08T15:33:18 IST">
          <reporter-output>
          </reporter-output>
        </test-method> <!-- ProductPageTesting -->
        <test-method status="PASS" signature="CartPageTesting()[pri:6, instance:com.mindtree.runner.Atlantic_Page@7791a895]" name="CartPageTesting" duration-ms="12459" started-at="2021-11-08T15:33:18 IST" finished-at="2021-11-08T15:33:30 IST">
          <reporter-output>
          </reporter-output>
        </test-method> <!-- CartPageTesting -->
        <test-method status="PASS" signature="closeDriver()[pri:0, instance:com.mindtree.runner.Atlantic_Page@7791a895]" name="closeDriver" is-config="true" duration-ms="360" started-at="2021-11-08T15:33:30 IST" finished-at="2021-11-08T15:33:30 IST">
          <reporter-output>
          </reporter-output>
        </test-method> <!-- closeDriver -->
      </class> <!-- com.mindtree.runner.Atlantic_Page -->
    </test> <!-- Test -->
  </suite> <!-- Suite -->
</testng-results>
