<?xml version="1.0" encoding="UTF-8"?>
<testng-results skipped="0" failed="0" ignored="0" total="6" passed="6">
  <reporter-output>
  </reporter-output>
  <suite name="Default suite" duration-ms="85214" started-at="2021-11-08T22:36:54 IST" finished-at="2021-11-08T22:38:19 IST">
    <groups>
    </groups>
    <test name="Default test" duration-ms="85214" started-at="2021-11-08T22:36:54 IST" finished-at="2021-11-08T22:38:19 IST">
      <class name="com.mindtree.runner.Atlantic_Page">
        <test-method status="PASS" signature="homePageLanding()[pri:1, instance:com.mindtree.runner.Atlantic_Page@3b94d659]" name="homePageLanding" duration-ms="7272" started-at="2021-11-08T22:36:54 IST" finished-at="2021-11-08T22:37:01 IST">
          <reporter-output>
          </reporter-output>
        </test-method> <!-- homePageLanding -->
        <test-method status="PASS" signature="Landing_Page()[pri:2, instance:com.mindtree.runner.Atlantic_Page@3b94d659]" name="Landing_Page" duration-ms="15377" started-at="2021-11-08T22:37:01 IST" finished-at="2021-11-08T22:37:17 IST">
          <reporter-output>
          </reporter-output>
        </test-method> <!-- Landing_Page -->
        <test-method status="PASS" signature="Login_Page(java.lang.String,java.lang.String)[pri:3, instance:com.mindtree.runner.Atlantic_Page@3b94d659]" name="Login_Page" duration-ms="39027" started-at="2021-11-08T22:37:17 IST" data-provider="getData" finished-at="2021-11-08T22:37:56 IST">
          <params>
            <param index="0">
              <value>
                <![CDATA[madhavibisen123@gmail.com]]>
              </value>
            </param>
            <param index="1">
              <value>
                <![CDATA[Madhavi@400]]>
              </value>
            </param>
          </params>
          <reporter-output>
          </reporter-output>
        </test-method> <!-- Login_Page -->
        <test-method status="PASS" signature="SearchPageTesting()[pri:4, instance:com.mindtree.runner.Atlantic_Page@3b94d659]" name="SearchPageTesting" duration-ms="5311" started-at="2021-11-08T22:37:56 IST" finished-at="2021-11-08T22:38:01 IST">
          <reporter-output>
          </reporter-output>
        </test-method> <!-- SearchPageTesting -->
        <test-method status="PASS" signature="ProductPageTesting()[pri:5, instance:com.mindtree.runner.Atlantic_Page@3b94d659]" name="ProductPageTesting" duration-ms="4676" started-at="2021-11-08T22:38:01 IST" finished-at="2021-11-08T22:38:06 IST">
          <reporter-output>
          </reporter-output>
        </test-method> <!-- ProductPageTesting -->
        <test-method status="PASS" signature="CartPageTesting()[pri:6, instance:com.mindtree.runner.Atlantic_Page@3b94d659]" name="CartPageTesting" duration-ms="13315" started-at="2021-11-08T22:38:06 IST" finished-at="2021-11-08T22:38:19 IST">
          <reporter-output>
          </reporter-output>
        </test-method> <!-- CartPageTesting -->
        <test-method status="PASS" signature="closeDriver()[pri:0, instance:com.mindtree.runner.Atlantic_Page@3b94d659]" name="closeDriver" is-config="true" duration-ms="161" started-at="2021-11-08T22:38:19 IST" finished-at="2021-11-08T22:38:19 IST">
          <reporter-output>
          </reporter-output>
        </test-method> <!-- closeDriver -->
      </class> <!-- com.mindtree.runner.Atlantic_Page -->
    </test> <!-- Default test -->
  </suite> <!-- Default suite -->
</testng-results>
