<?xml version="1.0" encoding="UTF-8"?>
<testng-results skipped="0" failed="1" ignored="0" total="6" passed="5">
  <reporter-output>
  </reporter-output>
  <suite name="Suite" duration-ms="182331" started-at="2021-11-08T19:13:36 IST" finished-at="2021-11-08T19:16:38 IST">
    <groups>
    </groups>
    <test name="Test" duration-ms="182331" started-at="2021-11-08T19:13:36 IST" finished-at="2021-11-08T19:16:38 IST">
      <class name="com.mindtree.runner.Atlantic_Page">
        <test-method status="PASS" signature="homePageLanding()[pri:1, instance:com.mindtree.runner.Atlantic_Page@68ceda24]" name="homePageLanding" duration-ms="15669" started-at="2021-11-08T19:13:36 IST" finished-at="2021-11-08T19:13:52 IST">
          <reporter-output>
          </reporter-output>
        </test-method> <!-- homePageLanding -->
        <test-method status="PASS" signature="Landing_Page()[pri:2, instance:com.mindtree.runner.Atlantic_Page@68ceda24]" name="Landing_Page" duration-ms="3735" started-at="2021-11-08T19:13:55 IST" finished-at="2021-11-08T19:13:59 IST">
          <reporter-output>
          </reporter-output>
        </test-method> <!-- Landing_Page -->
        <test-method status="PASS" signature="Login_Page(java.lang.String,java.lang.String)[pri:3, instance:com.mindtree.runner.Atlantic_Page@68ceda24]" name="Login_Page" duration-ms="11715" started-at="2021-11-08T19:14:00 IST" data-provider="getData" finished-at="2021-11-08T19:14:11 IST">
          <params>
            <param index="0">
              <value>
                <![CDATA[madhavibisen123@gmail.com]]>
              </value>
            </param>
            <param index="1">
              <value>
                <![CDATA[Madhavi@400]]>
              </value>
            </param>
          </params>
          <reporter-output>
          </reporter-output>
        </test-method> <!-- Login_Page -->
        <test-method status="PASS" signature="SearchPageTesting()[pri:4, instance:com.mindtree.runner.Atlantic_Page@68ceda24]" name="SearchPageTesting" duration-ms="85493" started-at="2021-11-08T19:14:12 IST" finished-at="2021-11-08T19:15:38 IST">
          <reporter-output>
          </reporter-output>
        </test-method> <!-- SearchPageTesting -->
        <test-method status="PASS" signature="ProductPageTesting()[pri:5, instance:com.mindtree.runner.Atlantic_Page@68ceda24]" name="ProductPageTesting" duration-ms="49625" started-at="2021-11-08T19:15:38 IST" finished-at="2021-11-08T19:16:28 IST">
          <reporter-output>
          </reporter-output>
        </test-method> <!-- ProductPageTesting -->
        <test-method status="FAIL" signature="CartPageTesting()[pri:6, instance:com.mindtree.runner.Atlantic_Page@68ceda24]" name="CartPageTesting" duration-ms="8932" started-at="2021-11-08T19:16:29 IST" finished-at="2021-11-08T19:16:38 IST">
          <exception class="org.openqa.selenium.ElementClickInterceptedException">
            <message>
              <![CDATA[element click intercepted: Element <span class="df-text">...</span> is not clickable at point (962, 94). Other element would receive the click: <div class="modals-overlay" style="z-index: 10000001;"></div>
  (Session info: chrome=95.0.4638.69)
Build info: version: '3.141.59', revision: 'e82be7d358', time: '2018-11-14T08:17:03'
System info: host: 'DESKTOP-I53I0DN', ip: '192.168.29.15', os.name: 'Windows 10', os.arch: 'amd64', os.version: '10.0', java.version: '1.8.0_301'
Driver info: org.openqa.selenium.chrome.ChromeDriver
Capabilities {acceptInsecureCerts: false, browserName: chrome, browserVersion: 95.0.4638.69, chrome: {chromedriverVersion: 94.0.4606.61 (418b78f5838ed..., userDataDir: C:\Users\user\AppData\Local...}, goog:chromeOptions: {debuggerAddress: localhost:10833}, javascriptEnabled: true, networkConnectionEnabled: false, pageLoadStrategy: normal, platform: WINDOWS, platformName: WINDOWS, proxy: Proxy(), setWindowRect: true, strictFileInteractability: false, timeouts: {implicit: 0, pageLoad: 300000, script: 30000}, unhandledPromptBehavior: dismiss and notify, webauthn:extension:credBlob: true, webauthn:extension:largeBlob: true, webauthn:virtualAuthenticators: true}
Session ID: 6625ad9878c2a612d7b80ad6de785a06]]>
            </message>
            <full-stacktrace>
              <![CDATA[org.openqa.selenium.ElementClickInterceptedException: element click intercepted: Element <span class="df-text">...</span> is not clickable at point (962, 94). Other element would receive the click: <div class="modals-overlay" style="z-index: 10000001;"></div>
  (Session info: chrome=95.0.4638.69)
Build info: version: '3.141.59', revision: 'e82be7d358', time: '2018-11-14T08:17:03'
System info: host: 'DESKTOP-I53I0DN', ip: '192.168.29.15', os.name: 'Windows 10', os.arch: 'amd64', os.version: '10.0', java.version: '1.8.0_301'
Driver info: org.openqa.selenium.chrome.ChromeDriver
Capabilities {acceptInsecureCerts: false, browserName: chrome, browserVersion: 95.0.4638.69, chrome: {chromedriverVersion: 94.0.4606.61 (418b78f5838ed..., userDataDir: C:\Users\user\AppData\Local...}, goog:chromeOptions: {debuggerAddress: localhost:10833}, javascriptEnabled: true, networkConnectionEnabled: false, pageLoadStrategy: normal, platform: WINDOWS, platformName: WINDOWS, proxy: Proxy(), setWindowRect: true, strictFileInteractability: false, timeouts: {implicit: 0, pageLoad: 300000, script: 30000}, unhandledPromptBehavior: dismiss and notify, webauthn:extension:credBlob: true, webauthn:extension:largeBlob: true, webauthn:virtualAuthenticators: true}
Session ID: 6625ad9878c2a612d7b80ad6de785a06
at sun.reflect.NativeConstructorAccessorImpl.newInstance0(Native Method)
at sun.reflect.NativeConstructorAccessorImpl.newInstance(NativeConstructorAccessorImpl.java:62)
at sun.reflect.DelegatingConstructorAccessorImpl.newInstance(DelegatingConstructorAccessorImpl.java:45)
at java.lang.reflect.Constructor.newInstance(Constructor.java:423)
at org.openqa.selenium.remote.http.W3CHttpResponseCodec.createException(W3CHttpResponseCodec.java:187)
at org.openqa.selenium.remote.http.W3CHttpResponseCodec.decode(W3CHttpResponseCodec.java:122)
at org.openqa.selenium.remote.http.W3CHttpResponseCodec.decode(W3CHttpResponseCodec.java:49)
at org.openqa.selenium.remote.HttpCommandExecutor.execute(HttpCommandExecutor.java:158)
at org.openqa.selenium.remote.service.DriverCommandExecutor.execute(DriverCommandExecutor.java:83)
at org.openqa.selenium.remote.RemoteWebDriver.execute(RemoteWebDriver.java:552)
at org.openqa.selenium.remote.RemoteWebElement.execute(RemoteWebElement.java:285)
at org.openqa.selenium.remote.RemoteWebElement.click(RemoteWebElement.java:84)
at com.mindtree.runner.Atlantic_Page.CartPageTesting(Atlantic_Page.java:98)
at sun.reflect.NativeMethodAccessorImpl.invoke0(Native Method)
at sun.reflect.NativeMethodAccessorImpl.invoke(NativeMethodAccessorImpl.java:62)
at sun.reflect.DelegatingMethodAccessorImpl.invoke(DelegatingMethodAccessorImpl.java:43)
at java.lang.reflect.Method.invoke(Method.java:498)
at org.testng.internal.MethodInvocationHelper.invokeMethod(MethodInvocationHelper.java:133)
at org.testng.internal.TestInvoker.invokeMethod(TestInvoker.java:598)
at org.testng.internal.TestInvoker.invokeTestMethod(TestInvoker.java:173)
at org.testng.internal.MethodRunner.runInSequence(MethodRunner.java:46)
at org.testng.internal.TestInvoker$MethodInvocationAgent.invoke(TestInvoker.java:824)
at org.testng.internal.TestInvoker.invokeTestMethods(TestInvoker.java:146)
at org.testng.internal.TestMethodWorker.invokeTestMethods(TestMethodWorker.java:146)
at org.testng.internal.TestMethodWorker.run(TestMethodWorker.java:128)
at java.util.ArrayList.forEach(ArrayList.java:1259)
at org.testng.TestRunner.privateRun(TestRunner.java:794)
at org.testng.TestRunner.run(TestRunner.java:596)
at org.testng.SuiteRunner.runTest(SuiteRunner.java:377)
at org.testng.SuiteRunner.runSequentially(SuiteRunner.java:371)
at org.testng.SuiteRunner.privateRun(SuiteRunner.java:332)
at org.testng.SuiteRunner.run(SuiteRunner.java:276)
at org.testng.SuiteRunnerWorker.runSuite(SuiteRunnerWorker.java:53)
at org.testng.SuiteRunnerWorker.run(SuiteRunnerWorker.java:96)
at org.testng.TestNG.runSuitesSequentially(TestNG.java:1212)
at org.testng.TestNG.runSuitesLocally(TestNG.java:1134)
at org.testng.TestNG.runSuites(TestNG.java:1063)
at org.testng.TestNG.run(TestNG.java:1031)
at org.testng.remote.AbstractRemoteTestNG.run(AbstractRemoteTestNG.java:115)
at org.testng.remote.RemoteTestNG.initAndRun(RemoteTestNG.java:251)
at org.testng.remote.RemoteTestNG.main(RemoteTestNG.java:77)
]]>
            </full-stacktrace>
          </exception> <!-- org.openqa.selenium.ElementClickInterceptedException -->
          <reporter-output>
          </reporter-output>
        </test-method> <!-- CartPageTesting -->
        <test-method status="PASS" signature="closeDriver()[pri:0, instance:com.mindtree.runner.Atlantic_Page@68ceda24]" name="closeDriver" is-config="true" duration-ms="542" started-at="2021-11-08T19:16:38 IST" finished-at="2021-11-08T19:16:38 IST">
          <reporter-output>
          </reporter-output>
        </test-method> <!-- closeDriver -->
      </class> <!-- com.mindtree.runner.Atlantic_Page -->
    </test> <!-- Test -->
  </suite> <!-- Suite -->
</testng-results>
